
*** Running vivado
    with args -log InsMem.vds -m64 -product Vivado -mode batch -messageDb vivado.pb -notrace -source InsMem.tcl


****** Vivado v2017.4 (64-bit)
  **** SW Build 2086221 on Fri Dec 15 20:55:39 MST 2017
  **** IP Build 2085800 on Fri Dec 15 22:25:07 MST 2017
    ** Copyright 1986-2017 Xilinx, Inc. All Rights Reserved.

source InsMem.tcl -notrace
Command: synth_design -top InsMem -part xc7z010iclg225-1L
Starting synth_design
Attempting to get a license for feature 'Synthesis' and/or device 'xc7z010i'
INFO: [Common 17-349] Got license for feature 'Synthesis' and/or device 'xc7z010i'
INFO: Launching helper process for spawning children vivado processes
INFO: Helper process launched with PID 26280 
---------------------------------------------------------------------------------
Starting Synthesize : Time (s): cpu = 00:00:04 ; elapsed = 00:00:04 . Memory (MB): peak = 344.348 ; gain = 99.695
---------------------------------------------------------------------------------
INFO: [Synth 8-638] synthesizing module 'InsMem' [E:/vivado_project/CPU/InsMem/InsMem.srcs/sources_1/new/InsMem.v:23]
CRITICAL WARNING: [Synth 8-4445] could not open $readmem data file 'rom'; please make sure the file is added to project and has read permission, ignoring [E:/vivado_project/CPU/InsMem/InsMem.srcs/sources_1/new/InsMem.v:32]

Warning: Trying to implement RAM in registers. Block RAM or DRAM implementation is not possible for one or more of the following reasons :
	1: Unable to determine number of words or word size in RAM. 
	2: No valid read/write found for RAM. 
RAM dissolved into registers
WARNING: [Synth 8-3848] Net rom in module/entity InsMem does not have driver. [E:/vivado_project/CPU/InsMem/InsMem.srcs/sources_1/new/InsMem.v:29]
WARNING: [Synth 8-3848] Net rom in module/entity InsMem does not have driver. [E:/vivado_project/CPU/InsMem/InsMem.srcs/sources_1/new/InsMem.v:29]
WARNING: [Synth 8-3848] Net rom in module/entity InsMem does not have driver. [E:/vivado_project/CPU/InsMem/InsMem.srcs/sources_1/new/InsMem.v:29]
WARNING: [Synth 8-3848] Net rom in module/entity InsMem does not have driver. [E:/vivado_project/CPU/InsMem/InsMem.srcs/sources_1/new/InsMem.v:29]
WARNING: [Synth 8-3848] Net rom in module/entity InsMem does not have driver. [E:/vivado_project/CPU/InsMem/InsMem.srcs/sources_1/new/InsMem.v:29]
WARNING: [Synth 8-3848] Net rom in module/entity InsMem does not have driver. [E:/vivado_project/CPU/InsMem/InsMem.srcs/sources_1/new/InsMem.v:29]
WARNING: [Synth 8-3848] Net rom in module/entity InsMem does not have driver. [E:/vivado_project/CPU/InsMem/InsMem.srcs/sources_1/new/InsMem.v:29]
WARNING: [Synth 8-3848] Net rom in module/entity InsMem does not have driver. [E:/vivado_project/CPU/InsMem/InsMem.srcs/sources_1/new/InsMem.v:29]
WARNING: [Synth 8-3848] Net rom in module/entity InsMem does not have driver. [E:/vivado_project/CPU/InsMem/InsMem.srcs/sources_1/new/InsMem.v:29]
WARNING: [Synth 8-3848] Net rom in module/entity InsMem does not have driver. [E:/vivado_project/CPU/InsMem/InsMem.srcs/sources_1/new/InsMem.v:29]
WARNING: [Synth 8-3848] Net rom in module/entity InsMem does not have driver. [E:/vivado_project/CPU/InsMem/InsMem.srcs/sources_1/new/InsMem.v:29]
WARNING: [Synth 8-3848] Net rom in module/entity InsMem does not have driver. [E:/vivado_project/CPU/InsMem/InsMem.srcs/sources_1/new/InsMem.v:29]
WARNING: [Synth 8-3848] Net rom in module/entity InsMem does not have driver. [E:/vivado_project/CPU/InsMem/InsMem.srcs/sources_1/new/InsMem.v:29]
WARNING: [Synth 8-3848] Net rom in module/entity InsMem does not have driver. [E:/vivado_project/CPU/InsMem/InsMem.srcs/sources_1/new/InsMem.v:29]
WARNING: [Synth 8-3848] Net rom in module/entity InsMem does not have driver. [E:/vivado_project/CPU/InsMem/InsMem.srcs/sources_1/new/InsMem.v:29]
WARNING: [Synth 8-3848] Net rom in module/entity InsMem does not have driver. [E:/vivado_project/CPU/InsMem/InsMem.srcs/sources_1/new/InsMem.v:29]
WARNING: [Synth 8-3848] Net rom in module/entity InsMem does not have driver. [E:/vivado_project/CPU/InsMem/InsMem.srcs/sources_1/new/InsMem.v:29]
WARNING: [Synth 8-3848] Net rom in module/entity InsMem does not have driver. [E:/vivado_project/CPU/InsMem/InsMem.srcs/sources_1/new/InsMem.v:29]
WARNING: [Synth 8-3848] Net rom in module/entity InsMem does not have driver. [E:/vivado_project/CPU/InsMem/InsMem.srcs/sources_1/new/InsMem.v:29]
WARNING: [Synth 8-3848] Net rom in module/entity InsMem does not have driver. [E:/vivado_project/CPU/InsMem/InsMem.srcs/sources_1/new/InsMem.v:29]
WARNING: [Synth 8-3848] Net rom in module/entity InsMem does not have driver. [E:/vivado_project/CPU/InsMem/InsMem.srcs/sources_1/new/InsMem.v:29]
WARNING: [Synth 8-3848] Net rom in module/entity InsMem does not have driver. [E:/vivado_project/CPU/InsMem/InsMem.srcs/sources_1/new/InsMem.v:29]
WARNING: [Synth 8-3848] Net rom in module/entity InsMem does not have driver. [E:/vivado_project/CPU/InsMem/InsMem.srcs/sources_1/new/InsMem.v:29]
WARNING: [Synth 8-3848] Net rom in module/entity InsMem does not have driver. [E:/vivado_project/CPU/InsMem/InsMem.srcs/sources_1/new/InsMem.v:29]
WARNING: [Synth 8-3848] Net rom in module/entity InsMem does not have driver. [E:/vivado_project/CPU/InsMem/InsMem.srcs/sources_1/new/InsMem.v:29]
WARNING: [Synth 8-3848] Net rom in module/entity InsMem does not have driver. [E:/vivado_project/CPU/InsMem/InsMem.srcs/sources_1/new/InsMem.v:29]
WARNING: [Synth 8-3848] Net rom in module/entity InsMem does not have driver. [E:/vivado_project/CPU/InsMem/InsMem.srcs/sources_1/new/InsMem.v:29]
WARNING: [Synth 8-3848] Net rom in module/entity InsMem does not have driver. [E:/vivado_project/CPU/InsMem/InsMem.srcs/sources_1/new/InsMem.v:29]
WARNING: [Synth 8-3848] Net rom in module/entity InsMem does not have driver. [E:/vivado_project/CPU/InsMem/InsMem.srcs/sources_1/new/InsMem.v:29]
WARNING: [Synth 8-3848] Net rom in module/entity InsMem does not have driver. [E:/vivado_project/CPU/InsMem/InsMem.srcs/sources_1/new/InsMem.v:29]
WARNING: [Synth 8-3848] Net rom in module/entity InsMem does not have driver. [E:/vivado_project/CPU/InsMem/InsMem.srcs/sources_1/new/InsMem.v:29]
WARNING: [Synth 8-3848] Net rom in module/entity InsMem does not have driver. [E:/vivado_project/CPU/InsMem/InsMem.srcs/sources_1/new/InsMem.v:29]
WARNING: [Synth 8-3848] Net rom in module/entity InsMem does not have driver. [E:/vivado_project/CPU/InsMem/InsMem.srcs/sources_1/new/InsMem.v:29]
WARNING: [Synth 8-3848] Net rom in module/entity InsMem does not have driver. [E:/vivado_project/CPU/InsMem/InsMem.srcs/sources_1/new/InsMem.v:29]
WARNING: [Synth 8-3848] Net rom in module/entity InsMem does not have driver. [E:/vivado_project/CPU/InsMem/InsMem.srcs/sources_1/new/InsMem.v:29]
WARNING: [Synth 8-3848] Net rom in module/entity InsMem does not have driver. [E:/vivado_project/CPU/InsMem/InsMem.srcs/sources_1/new/InsMem.v:29]
WARNING: [Synth 8-3848] Net rom in module/entity InsMem does not have driver. [E:/vivado_project/CPU/InsMem/InsMem.srcs/sources_1/new/InsMem.v:29]
WARNING: [Synth 8-3848] Net rom in module/entity InsMem does not have driver. [E:/vivado_project/CPU/InsMem/InsMem.srcs/sources_1/new/InsMem.v:29]
WARNING: [Synth 8-3848] Net rom in module/entity InsMem does not have driver. [E:/vivado_project/CPU/InsMem/InsMem.srcs/sources_1/new/InsMem.v:29]
WARNING: [Synth 8-3848] Net rom in module/entity InsMem does not have driver. [E:/vivado_project/CPU/InsMem/InsMem.srcs/sources_1/new/InsMem.v:29]
WARNING: [Synth 8-3848] Net rom in module/entity InsMem does not have driver. [E:/vivado_project/CPU/InsMem/InsMem.srcs/sources_1/new/InsMem.v:29]
WARNING: [Synth 8-3848] Net rom in module/entity InsMem does not have driver. [E:/vivado_project/CPU/InsMem/InsMem.srcs/sources_1/new/InsMem.v:29]
WARNING: [Synth 8-3848] Net rom in module/entity InsMem does not have driver. [E:/vivado_project/CPU/InsMem/InsMem.srcs/sources_1/new/InsMem.v:29]
WARNING: [Synth 8-3848] Net rom in module/entity InsMem does not have driver. [E:/vivado_project/CPU/InsMem/InsMem.srcs/sources_1/new/InsMem.v:29]
WARNING: [Synth 8-3848] Net rom in module/entity InsMem does not have driver. [E:/vivado_project/CPU/InsMem/InsMem.srcs/sources_1/new/InsMem.v:29]
WARNING: [Synth 8-3848] Net rom in module/entity InsMem does not have driver. [E:/vivado_project/CPU/InsMem/InsMem.srcs/sources_1/new/InsMem.v:29]
WARNING: [Synth 8-3848] Net rom in module/entity InsMem does not have driver. [E:/vivado_project/CPU/InsMem/InsMem.srcs/sources_1/new/InsMem.v:29]
WARNING: [Synth 8-3848] Net rom in module/entity InsMem does not have driver. [E:/vivado_project/CPU/InsMem/InsMem.srcs/sources_1/new/InsMem.v:29]
WARNING: [Synth 8-3848] Net rom in module/entity InsMem does not have driver. [E:/vivado_project/CPU/InsMem/InsMem.srcs/sources_1/new/InsMem.v:29]
WARNING: [Synth 8-3848] Net rom in module/entity InsMem does not have driver. [E:/vivado_project/CPU/InsMem/InsMem.srcs/sources_1/new/InsMem.v:29]
WARNING: [Synth 8-3848] Net rom in module/entity InsMem does not have driver. [E:/vivado_project/CPU/InsMem/InsMem.srcs/sources_1/new/InsMem.v:29]
WARNING: [Synth 8-3848] Net rom in module/entity InsMem does not have driver. [E:/vivado_project/CPU/InsMem/InsMem.srcs/sources_1/new/InsMem.v:29]
WARNING: [Synth 8-3848] Net rom in module/entity InsMem does not have driver. [E:/vivado_project/CPU/InsMem/InsMem.srcs/sources_1/new/InsMem.v:29]
WARNING: [Synth 8-3848] Net rom in module/entity InsMem does not have driver. [E:/vivado_project/CPU/InsMem/InsMem.srcs/sources_1/new/InsMem.v:29]
WARNING: [Synth 8-3848] Net rom in module/entity InsMem does not have driver. [E:/vivado_project/CPU/InsMem/InsMem.srcs/sources_1/new/InsMem.v:29]
WARNING: [Synth 8-3848] Net rom in module/entity InsMem does not have driver. [E:/vivado_project/CPU/InsMem/InsMem.srcs/sources_1/new/InsMem.v:29]
WARNING: [Synth 8-3848] Net rom in module/entity InsMem does not have driver. [E:/vivado_project/CPU/InsMem/InsMem.srcs/sources_1/new/InsMem.v:29]
WARNING: [Synth 8-3848] Net rom in module/entity InsMem does not have driver. [E:/vivado_project/CPU/InsMem/InsMem.srcs/sources_1/new/InsMem.v:29]
WARNING: [Synth 8-3848] Net rom in module/entity InsMem does not have driver. [E:/vivado_project/CPU/InsMem/InsMem.srcs/sources_1/new/InsMem.v:29]
WARNING: [Synth 8-3848] Net rom in module/entity InsMem does not have driver. [E:/vivado_project/CPU/InsMem/InsMem.srcs/sources_1/new/InsMem.v:29]
WARNING: [Synth 8-3848] Net rom in module/entity InsMem does not have driver. [E:/vivado_project/CPU/InsMem/InsMem.srcs/sources_1/new/InsMem.v:29]
WARNING: [Synth 8-3848] Net rom in module/entity InsMem does not have driver. [E:/vivado_project/CPU/InsMem/InsMem.srcs/sources_1/new/InsMem.v:29]
WARNING: [Synth 8-3848] Net rom in module/entity InsMem does not have driver. [E:/vivado_project/CPU/InsMem/InsMem.srcs/sources_1/new/InsMem.v:29]
WARNING: [Synth 8-3848] Net rom in module/entity InsMem does not have driver. [E:/vivado_project/CPU/InsMem/InsMem.srcs/sources_1/new/InsMem.v:29]
WARNING: [Synth 8-3848] Net rom in module/entity InsMem does not have driver. [E:/vivado_project/CPU/InsMem/InsMem.srcs/sources_1/new/InsMem.v:29]
WARNING: [Synth 8-3848] Net rom in module/entity InsMem does not have driver. [E:/vivado_project/CPU/InsMem/InsMem.srcs/sources_1/new/InsMem.v:29]
WARNING: [Synth 8-3848] Net rom in module/entity InsMem does not have driver. [E:/vivado_project/CPU/InsMem/InsMem.srcs/sources_1/new/InsMem.v:29]
WARNING: [Synth 8-3848] Net rom in module/entity InsMem does not have driver. [E:/vivado_project/CPU/InsMem/InsMem.srcs/sources_1/new/InsMem.v:29]
WARNING: [Synth 8-3848] Net rom in module/entity InsMem does not have driver. [E:/vivado_project/CPU/InsMem/InsMem.srcs/sources_1/new/InsMem.v:29]
WARNING: [Synth 8-3848] Net rom in module/entity InsMem does not have driver. [E:/vivado_project/CPU/InsMem/InsMem.srcs/sources_1/new/InsMem.v:29]
WARNING: [Synth 8-3848] Net rom in module/entity InsMem does not have driver. [E:/vivado_project/CPU/InsMem/InsMem.srcs/sources_1/new/InsMem.v:29]
WARNING: [Synth 8-3848] Net rom in module/entity InsMem does not have driver. [E:/vivado_project/CPU/InsMem/InsMem.srcs/sources_1/new/InsMem.v:29]
WARNING: [Synth 8-3848] Net rom in module/entity InsMem does not have driver. [E:/vivado_project/CPU/InsMem/InsMem.srcs/sources_1/new/InsMem.v:29]
WARNING: [Synth 8-3848] Net rom in module/entity InsMem does not have driver. [E:/vivado_project/CPU/InsMem/InsMem.srcs/sources_1/new/InsMem.v:29]
WARNING: [Synth 8-3848] Net rom in module/entity InsMem does not have driver. [E:/vivado_project/CPU/InsMem/InsMem.srcs/sources_1/new/InsMem.v:29]
WARNING: [Synth 8-3848] Net rom in module/entity InsMem does not have driver. [E:/vivado_project/CPU/InsMem/InsMem.srcs/sources_1/new/InsMem.v:29]
WARNING: [Synth 8-3848] Net rom in module/entity InsMem does not have driver. [E:/vivado_project/CPU/InsMem/InsMem.srcs/sources_1/new/InsMem.v:29]
WARNING: [Synth 8-3848] Net rom in module/entity InsMem does not have driver. [E:/vivado_project/CPU/InsMem/InsMem.srcs/sources_1/new/InsMem.v:29]
WARNING: [Synth 8-3848] Net rom in module/entity InsMem does not have driver. [E:/vivado_project/CPU/InsMem/InsMem.srcs/sources_1/new/InsMem.v:29]
WARNING: [Synth 8-3848] Net rom in module/entity InsMem does not have driver. [E:/vivado_project/CPU/InsMem/InsMem.srcs/sources_1/new/InsMem.v:29]
WARNING: [Synth 8-3848] Net rom in module/entity InsMem does not have driver. [E:/vivado_project/CPU/InsMem/InsMem.srcs/sources_1/new/InsMem.v:29]
WARNING: [Synth 8-3848] Net rom in module/entity InsMem does not have driver. [E:/vivado_project/CPU/InsMem/InsMem.srcs/sources_1/new/InsMem.v:29]
WARNING: [Synth 8-3848] Net rom in module/entity InsMem does not have driver. [E:/vivado_project/CPU/InsMem/InsMem.srcs/sources_1/new/InsMem.v:29]
WARNING: [Synth 8-3848] Net rom in module/entity InsMem does not have driver. [E:/vivado_project/CPU/InsMem/InsMem.srcs/sources_1/new/InsMem.v:29]
WARNING: [Synth 8-3848] Net rom in module/entity InsMem does not have driver. [E:/vivado_project/CPU/InsMem/InsMem.srcs/sources_1/new/InsMem.v:29]
WARNING: [Synth 8-3848] Net rom in module/entity InsMem does not have driver. [E:/vivado_project/CPU/InsMem/InsMem.srcs/sources_1/new/InsMem.v:29]
WARNING: [Synth 8-3848] Net rom in module/entity InsMem does not have driver. [E:/vivado_project/CPU/InsMem/InsMem.srcs/sources_1/new/InsMem.v:29]
WARNING: [Synth 8-3848] Net rom in module/entity InsMem does not have driver. [E:/vivado_project/CPU/InsMem/InsMem.srcs/sources_1/new/InsMem.v:29]
WARNING: [Synth 8-3848] Net rom in module/entity InsMem does not have driver. [E:/vivado_project/CPU/InsMem/InsMem.srcs/sources_1/new/InsMem.v:29]
WARNING: [Synth 8-3848] Net rom in module/entity InsMem does not have driver. [E:/vivado_project/CPU/InsMem/InsMem.srcs/sources_1/new/InsMem.v:29]
WARNING: [Synth 8-3848] Net rom in module/entity InsMem does not have driver. [E:/vivado_project/CPU/InsMem/InsMem.srcs/sources_1/new/InsMem.v:29]
WARNING: [Synth 8-3848] Net rom in module/entity InsMem does not have driver. [E:/vivado_project/CPU/InsMem/InsMem.srcs/sources_1/new/InsMem.v:29]
WARNING: [Synth 8-3848] Net rom in module/entity InsMem does not have driver. [E:/vivado_project/CPU/InsMem/InsMem.srcs/sources_1/new/InsMem.v:29]
WARNING: [Synth 8-3848] Net rom in module/entity InsMem does not have driver. [E:/vivado_project/CPU/InsMem/InsMem.srcs/sources_1/new/InsMem.v:29]
WARNING: [Synth 8-3848] Net rom in module/entity InsMem does not have driver. [E:/vivado_project/CPU/InsMem/InsMem.srcs/sources_1/new/InsMem.v:29]
WARNING: [Synth 8-3848] Net rom in module/entity InsMem does not have driver. [E:/vivado_project/CPU/InsMem/InsMem.srcs/sources_1/new/InsMem.v:29]
WARNING: [Synth 8-3848] Net rom in module/entity InsMem does not have driver. [E:/vivado_project/CPU/InsMem/InsMem.srcs/sources_1/new/InsMem.v:29]
WARNING: [Synth 8-3848] Net rom in module/entity InsMem does not have driver. [E:/vivado_project/CPU/InsMem/InsMem.srcs/sources_1/new/InsMem.v:29]
WARNING: [Synth 8-3848] Net rom in module/entity InsMem does not have driver. [E:/vivado_project/CPU/InsMem/InsMem.srcs/sources_1/new/InsMem.v:29]
WARNING: [Synth 8-3848] Net rom in module/entity InsMem does not have driver. [E:/vivado_project/CPU/InsMem/InsMem.srcs/sources_1/new/InsMem.v:29]
INFO: [Common 17-14] Message 'Synth 8-3848' appears 100 times and further instances of the messages will be disabled. Use the Tcl command set_msg_config to change the current settings.
INFO: [Synth 8-256] done synthesizing module 'InsMem' (1#1) [E:/vivado_project/CPU/InsMem/InsMem.srcs/sources_1/new/InsMem.v:23]
---------------------------------------------------------------------------------
Finished Synthesize : Time (s): cpu = 00:00:05 ; elapsed = 00:00:05 . Memory (MB): peak = 395.977 ; gain = 151.324
---------------------------------------------------------------------------------
---------------------------------------------------------------------------------
Finished Constraint Validation : Time (s): cpu = 00:00:05 ; elapsed = 00:00:05 . Memory (MB): peak = 395.977 ; gain = 151.324
---------------------------------------------------------------------------------
---------------------------------------------------------------------------------
Start Loading Part and Timing Information
---------------------------------------------------------------------------------
Loading part: xc7z010iclg225-1L
---------------------------------------------------------------------------------
Finished Loading Part and Timing Information : Time (s): cpu = 00:00:05 ; elapsed = 00:00:05 . Memory (MB): peak = 395.977 ; gain = 151.324
---------------------------------------------------------------------------------
INFO: [Device 21-403] Loading part xc7z010iclg225-1L
WARNING: [Synth 8-327] inferring latch for variable 'IDataOut_reg' [E:/vivado_project/CPU/InsMem/InsMem.srcs/sources_1/new/InsMem.v:38]
---------------------------------------------------------------------------------
Finished RTL Optimization Phase 2 : Time (s): cpu = 00:00:05 ; elapsed = 00:00:05 . Memory (MB): peak = 395.977 ; gain = 151.324
---------------------------------------------------------------------------------

Report RTL Partitions: 
+-+--------------+------------+----------+
| |RTL Partition |Replication |Instances |
+-+--------------+------------+----------+
+-+--------------+------------+----------+
No constraint files found.
---------------------------------------------------------------------------------
Start RTL Component Statistics 
---------------------------------------------------------------------------------
Detailed RTL Component Info : 
---------------------------------------------------------------------------------
Finished RTL Component Statistics 
---------------------------------------------------------------------------------
---------------------------------------------------------------------------------
Start RTL Hierarchical Component Statistics 
---------------------------------------------------------------------------------
Hierarchical RTL Component report 
---------------------------------------------------------------------------------
Finished RTL Hierarchical Component Statistics
---------------------------------------------------------------------------------
---------------------------------------------------------------------------------
Start Part Resource Summary
---------------------------------------------------------------------------------
Part Resources:
DSPs: 80 (col length:40)
BRAMs: 120 (col length: RAMB18 40 RAMB36 20)
---------------------------------------------------------------------------------
Finished Part Resource Summary
---------------------------------------------------------------------------------
No constraint files found.
---------------------------------------------------------------------------------
Start Cross Boundary and Area Optimization
---------------------------------------------------------------------------------
WARNING: [Synth 8-3331] design InsMem has unconnected port IAddr[31]
WARNING: [Synth 8-3331] design InsMem has unconnected port IAddr[30]
WARNING: [Synth 8-3331] design InsMem has unconnected port IAddr[29]
WARNING: [Synth 8-3331] design InsMem has unconnected port IAddr[28]
WARNING: [Synth 8-3331] design InsMem has unconnected port IAddr[27]
WARNING: [Synth 8-3331] design InsMem has unconnected port IAddr[26]
WARNING: [Synth 8-3331] design InsMem has unconnected port IAddr[25]
WARNING: [Synth 8-3331] design InsMem has unconnected port IAddr[24]
WARNING: [Synth 8-3331] design InsMem has unconnected port IAddr[23]
WARNING: [Synth 8-3331] design InsMem has unconnected port IAddr[22]
WARNING: [Synth 8-3331] design InsMem has unconnected port IAddr[21]
WARNING: [Synth 8-3331] design InsMem has unconnected port IAddr[20]
WARNING: [Synth 8-3331] design InsMem has unconnected port IAddr[19]
WARNING: [Synth 8-3331] design InsMem has unconnected port IAddr[18]
WARNING: [Synth 8-3331] design InsMem has unconnected port IAddr[17]
WARNING: [Synth 8-3331] design InsMem has unconnected port IAddr[16]
WARNING: [Synth 8-3331] design InsMem has unconnected port IAddr[15]
WARNING: [Synth 8-3331] design InsMem has unconnected port IAddr[14]
WARNING: [Synth 8-3331] design InsMem has unconnected port IAddr[13]
WARNING: [Synth 8-3331] design InsMem has unconnected port IAddr[12]
WARNING: [Synth 8-3331] design InsMem has unconnected port IAddr[11]
WARNING: [Synth 8-3331] design InsMem has unconnected port IAddr[10]
WARNING: [Synth 8-3331] design InsMem has unconnected port IAddr[9]
WARNING: [Synth 8-3331] design InsMem has unconnected port IAddr[8]
INFO: [Synth 8-3886] merging instance 'IDataOut_reg[0]' (LD) to 'IDataOut_reg[31]'
INFO: [Synth 8-3886] merging instance 'IDataOut_reg[1]' (LD) to 'IDataOut_reg[31]'
INFO: [Synth 8-3886] merging instance 'IDataOut_reg[2]' (LD) to 'IDataOut_reg[31]'
INFO: [Synth 8-3886] merging instance 'IDataOut_reg[3]' (LD) to 'IDataOut_reg[31]'
INFO: [Synth 8-3886] merging instance 'IDataOut_reg[4]' (LD) to 'IDataOut_reg[31]'
INFO: [Synth 8-3886] merging instance 'IDataOut_reg[5]' (LD) to 'IDataOut_reg[31]'
INFO: [Synth 8-3886] merging instance 'IDataOut_reg[6]' (LD) to 'IDataOut_reg[31]'
INFO: [Synth 8-3886] merging instance 'IDataOut_reg[7]' (LD) to 'IDataOut_reg[31]'
INFO: [Synth 8-3886] merging instance 'IDataOut_reg[8]' (LD) to 'IDataOut_reg[31]'
INFO: [Synth 8-3886] merging instance 'IDataOut_reg[9]' (LD) to 'IDataOut_reg[31]'
INFO: [Synth 8-3886] merging instance 'IDataOut_reg[10]' (LD) to 'IDataOut_reg[31]'
INFO: [Synth 8-3886] merging instance 'IDataOut_reg[11]' (LD) to 'IDataOut_reg[31]'
INFO: [Synth 8-3886] merging instance 'IDataOut_reg[12]' (LD) to 'IDataOut_reg[31]'
INFO: [Synth 8-3886] merging instance 'IDataOut_reg[13]' (LD) to 'IDataOut_reg[31]'
INFO: [Synth 8-3886] merging instance 'IDataOut_reg[14]' (LD) to 'IDataOut_reg[31]'
INFO: [Synth 8-3886] merging instance 'IDataOut_reg[15]' (LD) to 'IDataOut_reg[31]'
INFO: [Synth 8-3886] merging instance 'IDataOut_reg[16]' (LD) to 'IDataOut_reg[31]'
INFO: [Synth 8-3886] merging instance 'IDataOut_reg[17]' (LD) to 'IDataOut_reg[31]'
INFO: [Synth 8-3886] merging instance 'IDataOut_reg[18]' (LD) to 'IDataOut_reg[31]'
INFO: [Synth 8-3886] merging instance 'IDataOut_reg[19]' (LD) to 'IDataOut_reg[31]'
INFO: [Synth 8-3886] merging instance 'IDataOut_reg[20]' (LD) to 'IDataOut_reg[31]'
INFO: [Synth 8-3886] merging instance 'IDataOut_reg[21]' (LD) to 'IDataOut_reg[31]'
INFO: [Synth 8-3886] merging instance 'IDataOut_reg[22]' (LD) to 'IDataOut_reg[31]'
INFO: [Synth 8-3886] merging instance 'IDataOut_reg[23]' (LD) to 'IDataOut_reg[31]'
INFO: [Synth 8-3886] merging instance 'IDataOut_reg[24]' (LD) to 'IDataOut_reg[31]'
INFO: [Synth 8-3886] merging instance 'IDataOut_reg[25]' (LD) to 'IDataOut_reg[31]'
INFO: [Synth 8-3886] merging instance 'IDataOut_reg[26]' (LD) to 'IDataOut_reg[31]'
INFO: [Synth 8-3886] merging instance 'IDataOut_reg[27]' (LD) to 'IDataOut_reg[31]'
INFO: [Synth 8-3886] merging instance 'IDataOut_reg[28]' (LD) to 'IDataOut_reg[31]'
INFO: [Synth 8-3886] merging instance 'IDataOut_reg[29]' (LD) to 'IDataOut_reg[31]'
INFO: [Synth 8-3886] merging instance 'IDataOut_reg[30]' (LD) to 'IDataOut_reg[31]'
INFO: [Synth 8-3333] propagating constant 0 across sequential element (\IDataOut_reg[31] )
WARNING: [Synth 8-3332] Sequential element (IDataOut_reg[31]) is unused and will be removed from module InsMem.
---------------------------------------------------------------------------------
Finished Cross Boundary and Area Optimization : Time (s): cpu = 00:00:08 ; elapsed = 00:00:09 . Memory (MB): peak = 529.047 ; gain = 284.395
---------------------------------------------------------------------------------

Report RTL Partitions: 
+-+--------------+------------+----------+
| |RTL Partition |Replication |Instances |
+-+--------------+------------+----------+
+-+--------------+------------+----------+
No constraint files found.
---------------------------------------------------------------------------------
Start Timing Optimization
---------------------------------------------------------------------------------
---------------------------------------------------------------------------------
Finished Timing Optimization : Time (s): cpu = 00:00:08 ; elapsed = 00:00:09 . Memory (MB): peak = 529.047 ; gain = 284.395
---------------------------------------------------------------------------------

Report RTL Partitions: 
+-+--------------+------------+----------+
| |RTL Partition |Replication |Instances |
+-+--------------+------------+----------+
+-+--------------+------------+----------+
---------------------------------------------------------------------------------
Start Technology Mapping
---------------------------------------------------------------------------------
---------------------------------------------------------------------------------
Finished Technology Mapping : Time (s): cpu = 00:00:08 ; elapsed = 00:00:09 . Memory (MB): peak = 529.859 ; gain = 285.207
---------------------------------------------------------------------------------

Report RTL Partitions: 
+-+--------------+------------+----------+
| |RTL Partition |Replication |Instances |
+-+--------------+------------+----------+
+-+--------------+------------+----------+
---------------------------------------------------------------------------------
Start IO Insertion
---------------------------------------------------------------------------------
---------------------------------------------------------------------------------
Start Flattening Before IO Insertion
---------------------------------------------------------------------------------
---------------------------------------------------------------------------------
Finished Flattening Before IO Insertion
---------------------------------------------------------------------------------
---------------------------------------------------------------------------------
Start Final Netlist Cleanup
---------------------------------------------------------------------------------
---------------------------------------------------------------------------------
Finished Final Netlist Cleanup
---------------------------------------------------------------------------------
---------------------------------------------------------------------------------
Finished IO Insertion : Time (s): cpu = 00:00:09 ; elapsed = 00:00:10 . Memory (MB): peak = 529.859 ; gain = 285.207
---------------------------------------------------------------------------------

Report Check Netlist: 
+------+------------------+-------+---------+-------+------------------+
|      |Item              |Errors |Warnings |Status |Description       |
+------+------------------+-------+---------+-------+------------------+
|1     |multi_driven_nets |      0|        0|Passed |Multi driven nets |
+------+------------------+-------+---------+-------+------------------+
---------------------------------------------------------------------------------
Start Renaming Generated Instances
---------------------------------------------------------------------------------
---------------------------------------------------------------------------------
Finished Renaming Generated Instances : Time (s): cpu = 00:00:09 ; elapsed = 00:00:10 . Memory (MB): peak = 529.859 ; gain = 285.207
---------------------------------------------------------------------------------

Report RTL Partitions: 
+-+--------------+------------+----------+
| |RTL Partition |Replication |Instances |
+-+--------------+------------+----------+
+-+--------------+------------+----------+
---------------------------------------------------------------------------------
Start Rebuilding User Hierarchy
---------------------------------------------------------------------------------
---------------------------------------------------------------------------------
Finished Rebuilding User Hierarchy : Time (s): cpu = 00:00:09 ; elapsed = 00:00:10 . Memory (MB): peak = 529.859 ; gain = 285.207
---------------------------------------------------------------------------------
---------------------------------------------------------------------------------
Start Renaming Generated Ports
---------------------------------------------------------------------------------
---------------------------------------------------------------------------------
Finished Renaming Generated Ports : Time (s): cpu = 00:00:09 ; elapsed = 00:00:10 . Memory (MB): peak = 529.859 ; gain = 285.207
---------------------------------------------------------------------------------
---------------------------------------------------------------------------------
Start Handling Custom Attributes
---------------------------------------------------------------------------------
---------------------------------------------------------------------------------
Finished Handling Custom Attributes : Time (s): cpu = 00:00:09 ; elapsed = 00:00:10 . Memory (MB): peak = 529.859 ; gain = 285.207
---------------------------------------------------------------------------------
---------------------------------------------------------------------------------
Start Renaming Generated Nets
---------------------------------------------------------------------------------
---------------------------------------------------------------------------------
Finished Renaming Generated Nets : Time (s): cpu = 00:00:09 ; elapsed = 00:00:10 . Memory (MB): peak = 529.859 ; gain = 285.207
---------------------------------------------------------------------------------
---------------------------------------------------------------------------------
Start Writing Synthesis Report
---------------------------------------------------------------------------------

Report BlackBoxes: 
+-+--------------+----------+
| |BlackBox name |Instances |
+-+--------------+----------+
+-+--------------+----------+

Report Cell Usage: 
+------+-----+------+
|      |Cell |Count |
+------+-----+------+
|1     |OBUF |    32|
+------+-----+------+

Report Instance Areas: 
+------+---------+-------+------+
|      |Instance |Module |Cells |
+------+---------+-------+------+
|1     |top      |       |    32|
+------+---------+-------+------+
---------------------------------------------------------------------------------
Finished Writing Synthesis Report : Time (s): cpu = 00:00:09 ; elapsed = 00:00:10 . Memory (MB): peak = 529.859 ; gain = 285.207
---------------------------------------------------------------------------------
Synthesis finished with 0 errors, 1 critical warnings and 155 warnings.
Synthesis Optimization Runtime : Time (s): cpu = 00:00:09 ; elapsed = 00:00:10 . Memory (MB): peak = 529.859 ; gain = 285.207
Synthesis Optimization Complete : Time (s): cpu = 00:00:09 ; elapsed = 00:00:10 . Memory (MB): peak = 529.859 ; gain = 285.207
INFO: [Project 1-571] Translating synthesized netlist
INFO: [Project 1-570] Preparing netlist for logic optimization
INFO: [Opt 31-138] Pushed 0 inverter(s) to 0 load pin(s).
INFO: [Project 1-111] Unisim Transformation Summary:
No Unisim elements were transformed.

INFO: [Common 17-83] Releasing license: Synthesis
42 Infos, 126 Warnings, 1 Critical Warnings and 0 Errors encountered.
synth_design completed successfully
synth_design: Time (s): cpu = 00:00:13 ; elapsed = 00:00:14 . Memory (MB): peak = 632.629 ; gain = 400.402
INFO: [Common 17-1381] The checkpoint 'E:/vivado_project/CPU/InsMem/InsMem.runs/synth_1/InsMem.dcp' has been generated.
INFO: [runtcl-4] Executing : report_utilization -file InsMem_utilization_synth.rpt -pb InsMem_utilization_synth.pb
report_utilization: Time (s): cpu = 00:00:00 ; elapsed = 00:00:00.012 . Memory (MB): peak = 632.629 ; gain = 0.000
INFO: [Common 17-206] Exiting Vivado at Thu Dec 17 10:33:36 2020...
