INFO: [VRFC 10-2263] Analyzing Verilog file "D:/MIPS32_CPU/CPU/CPU.sim/sim_1/synth/timing/xsim/CPU_tb_time_synth.v" into library xil_defaultlib
INFO: [VRFC 10-311] analyzing module RAM32M_UNIQ_BASE_
INFO: [VRFC 10-311] analyzing module RAM32M_HD1
INFO: [VRFC 10-311] analyzing module RAM32M_HD10
INFO: [VRFC 10-311] analyzing module RAM32M_HD11
INFO: [VRFC 10-311] analyzing module RAM32M_HD2
INFO: [VRFC 10-311] analyzing module RAM32M_HD3
INFO: [VRFC 10-311] analyzing module RAM32M_HD4
INFO: [VRFC 10-311] analyzing module RAM32M_HD5
INFO: [VRFC 10-311] analyzing module RAM32M_HD6
INFO: [VRFC 10-311] analyzing module RAM32M_HD7
INFO: [VRFC 10-311] analyzing module RAM32M_HD8
INFO: [VRFC 10-311] analyzing module RAM32M_HD9
INFO: [VRFC 10-311] analyzing module ALU
INFO: [VRFC 10-311] analyzing module CPU
INFO: [VRFC 10-311] analyzing module Control
INFO: [VRFC 10-311] analyzing module DataMem
INFO: [VRFC 10-311] analyzing module HILO
INFO: [VRFC 10-311] analyzing module PC
INFO: [VRFC 10-311] analyzing module PCNext
INFO: [VRFC 10-311] analyzing module RegGroup
INFO: [VRFC 10-311] analyzing module mux4
INFO: [VRFC 10-311] analyzing module glbl
INFO: [VRFC 10-2263] Analyzing Verilog file "D:/MIPS32_CPU/CPU/CPU.srcs/sim_1/new/CPU_tb.v" into library xil_defaultlib
INFO: [VRFC 10-311] analyzing module CPU_tb
